ERROR - 2022-01-04 16:16:02 --> Error connecting to the database: No such file or directory
CRITICAL - 2022-01-04 16:16:02 --> Unable to connect to the database.
Main connection [MySQLi]: No such file or directory
#0 /workspace/system/Database/BaseConnection.php(577): CodeIgniter\Database\BaseConnection->initialize()
#1 /workspace/system/Database/BaseBuilder.php(1759): CodeIgniter\Database\BaseConnection->query('INSERT INTO `us...', Array, false)
#2 /workspace/system/Model.php(239): CodeIgniter\Database\BaseBuilder->insert()
#3 /workspace/system/BaseModel.php(738): CodeIgniter\Model->doInsert(Array)
#4 /workspace/system/Model.php(620): CodeIgniter\BaseModel->insert(Array, true)
#5 /workspace/app/Controllers/Users.php(32): CodeIgniter\Model->insert(Array)
#6 /workspace/system/CodeIgniter.php(824): App\Controllers\users->create()
#7 /workspace/system/CodeIgniter.php(410): CodeIgniter\CodeIgniter->runController(Object(App\Controllers\users))
#8 /workspace/system/CodeIgniter.php(318): CodeIgniter\CodeIgniter->handleRequest(NULL, Object(Config\Cache), false)
#9 /workspace/public/index.php(37): CodeIgniter\CodeIgniter->run()
#10 {main}
ERROR - 2022-01-04 16:18:11 --> Error connecting to the database: No such file or directory
CRITICAL - 2022-01-04 16:18:11 --> Unable to connect to the database.
Main connection [MySQLi]: No such file or directory
#0 /workspace/system/Database/BaseConnection.php(577): CodeIgniter\Database\BaseConnection->initialize()
#1 /workspace/system/Database/BaseBuilder.php(1759): CodeIgniter\Database\BaseConnection->query('INSERT INTO `us...', Array, false)
#2 /workspace/system/Model.php(239): CodeIgniter\Database\BaseBuilder->insert()
#3 /workspace/system/BaseModel.php(738): CodeIgniter\Model->doInsert(Array)
#4 /workspace/system/Model.php(620): CodeIgniter\BaseModel->insert(Array, true)
#5 /workspace/app/Controllers/Users.php(32): CodeIgniter\Model->insert(Array)
#6 /workspace/system/CodeIgniter.php(824): App\Controllers\users->create()
#7 /workspace/system/CodeIgniter.php(410): CodeIgniter\CodeIgniter->runController(Object(App\Controllers\users))
#8 /workspace/system/CodeIgniter.php(318): CodeIgniter\CodeIgniter->handleRequest(NULL, Object(Config\Cache), false)
#9 /workspace/public/index.php(37): CodeIgniter\CodeIgniter->run()
#10 {main}
ERROR - 2022-01-04 16:19:51 --> Error connecting to the database: No such file or directory
CRITICAL - 2022-01-04 16:19:51 --> Unable to connect to the database.
Main connection [MySQLi]: No such file or directory
#0 /workspace/system/Database/BaseConnection.php(577): CodeIgniter\Database\BaseConnection->initialize()
#1 /workspace/system/Database/BaseBuilder.php(1443): CodeIgniter\Database\BaseConnection->query('SELECT *\nFROM `...', Array, false)
#2 /workspace/system/Model.php(183): CodeIgniter\Database\BaseBuilder->get()
#3 /workspace/system/BaseModel.php(584): CodeIgniter\Model->doFindAll(0, 0)
#4 /workspace/app/Controllers/Users.php(18): CodeIgniter\BaseModel->findAll()
#5 /workspace/system/CodeIgniter.php(824): App\Controllers\users->index()
#6 /workspace/system/CodeIgniter.php(410): CodeIgniter\CodeIgniter->runController(Object(App\Controllers\users))
#7 /workspace/system/CodeIgniter.php(318): CodeIgniter\CodeIgniter->handleRequest(NULL, Object(Config\Cache), false)
#8 /workspace/public/index.php(37): CodeIgniter\CodeIgniter->run()
#9 {main}
CRITICAL - 2022-01-04 16:19:51 --> Uncaught ErrorException: strtolower(): Passing null to parameter #1 ($string) of type string is deprecated in /workspace/system/Validation/FormatRules.php:253
Stack trace:
#0 [internal function]: CodeIgniter\Debug\Exceptions->errorHandler(8192, 'strtolower(): P...', '/workspace/syst...', 253)
#1 /workspace/system/Validation/FormatRules.php(253): strtolower(NULL)
#2 /workspace/system/HTTP/RequestTrait.php(151): CodeIgniter\Validation\FormatRules->valid_ip('127.0.0.1')
#3 /workspace/app/Views/errors/html/error_exception.php(206): CodeIgniter\HTTP\Request->getIPAddress()
#4 /workspace/system/Debug/Exceptions.php(229): include('/workspace/app/...')
#5 /workspace/system/Debug/Exceptions.php(232): CodeIgniter\Debug\Exceptions->CodeIgniter\Debug\{closure}()
#6 /workspace/system/Debug/Exceptions.php(116): CodeIgniter\Debug\Exceptions->render(Object(CodeIgniter\Database\Exceptions\DatabaseException), 500)
#7 [internal function]: CodeIgniter\Debug\Exceptions->exceptionHandler(Object(CodeIgniter\Database\Exceptions\DatabaseException))
#8 {main}
  thrown
#0 [internal function]: CodeIgniter\Debug\Exceptions->shutdownHandler()
#1 {main}
ERROR - 2022-01-04 16:20:20 --> Error connecting to the database: No such file or directory
CRITICAL - 2022-01-04 16:20:20 --> Unable to connect to the database.
Main connection [MySQLi]: No such file or directory
#0 /workspace/system/Database/BaseConnection.php(577): CodeIgniter\Database\BaseConnection->initialize()
#1 /workspace/system/Database/BaseBuilder.php(1443): CodeIgniter\Database\BaseConnection->query('SELECT *\nFROM `...', Array, false)
#2 /workspace/system/Model.php(210): CodeIgniter\Database\BaseBuilder->get()
#3 /workspace/system/BaseModel.php(622): CodeIgniter\Model->doFirst()
#4 /workspace/app/Controllers/Users.php(44): CodeIgniter\BaseModel->first()
#5 /workspace/system/CodeIgniter.php(824): App\Controllers\users->check()
#6 /workspace/system/CodeIgniter.php(410): CodeIgniter\CodeIgniter->runController(Object(App\Controllers\users))
#7 /workspace/system/CodeIgniter.php(318): CodeIgniter\CodeIgniter->handleRequest(NULL, Object(Config\Cache), false)
#8 /workspace/public/index.php(37): CodeIgniter\CodeIgniter->run()
#9 {main}
CRITICAL - 2022-01-04 16:20:20 --> Uncaught ErrorException: strtolower(): Passing null to parameter #1 ($string) of type string is deprecated in /workspace/system/Validation/FormatRules.php:253
Stack trace:
#0 [internal function]: CodeIgniter\Debug\Exceptions->errorHandler(8192, 'strtolower(): P...', '/workspace/syst...', 253)
#1 /workspace/system/Validation/FormatRules.php(253): strtolower(NULL)
#2 /workspace/system/HTTP/RequestTrait.php(151): CodeIgniter\Validation\FormatRules->valid_ip('127.0.0.1')
#3 /workspace/app/Views/errors/html/error_exception.php(206): CodeIgniter\HTTP\Request->getIPAddress()
#4 /workspace/system/Debug/Exceptions.php(229): include('/workspace/app/...')
#5 /workspace/system/Debug/Exceptions.php(232): CodeIgniter\Debug\Exceptions->CodeIgniter\Debug\{closure}()
#6 /workspace/system/Debug/Exceptions.php(116): CodeIgniter\Debug\Exceptions->render(Object(CodeIgniter\Database\Exceptions\DatabaseException), 500)
#7 [internal function]: CodeIgniter\Debug\Exceptions->exceptionHandler(Object(CodeIgniter\Database\Exceptions\DatabaseException))
#8 {main}
  thrown
#0 [internal function]: CodeIgniter\Debug\Exceptions->shutdownHandler()
#1 {main}
ERROR - 2022-01-04 16:20:27 --> Error connecting to the database: No such file or directory
CRITICAL - 2022-01-04 16:20:27 --> Unable to connect to the database.
Main connection [MySQLi]: No such file or directory
#0 /workspace/system/Database/BaseConnection.php(577): CodeIgniter\Database\BaseConnection->initialize()
#1 /workspace/system/Database/BaseBuilder.php(1443): CodeIgniter\Database\BaseConnection->query('SELECT *\nFROM `...', Array, false)
#2 /workspace/system/Model.php(210): CodeIgniter\Database\BaseBuilder->get()
#3 /workspace/system/BaseModel.php(622): CodeIgniter\Model->doFirst()
#4 /workspace/app/Controllers/Users.php(44): CodeIgniter\BaseModel->first()
#5 /workspace/system/CodeIgniter.php(824): App\Controllers\users->check()
#6 /workspace/system/CodeIgniter.php(410): CodeIgniter\CodeIgniter->runController(Object(App\Controllers\users))
#7 /workspace/system/CodeIgniter.php(318): CodeIgniter\CodeIgniter->handleRequest(NULL, Object(Config\Cache), false)
#8 /workspace/public/index.php(37): CodeIgniter\CodeIgniter->run()
#9 {main}
CRITICAL - 2022-01-04 16:20:27 --> Uncaught ErrorException: strtolower(): Passing null to parameter #1 ($string) of type string is deprecated in /workspace/system/Validation/FormatRules.php:253
Stack trace:
#0 [internal function]: CodeIgniter\Debug\Exceptions->errorHandler(8192, 'strtolower(): P...', '/workspace/syst...', 253)
#1 /workspace/system/Validation/FormatRules.php(253): strtolower(NULL)
#2 /workspace/system/HTTP/RequestTrait.php(151): CodeIgniter\Validation\FormatRules->valid_ip('127.0.0.1')
#3 /workspace/app/Views/errors/html/error_exception.php(206): CodeIgniter\HTTP\Request->getIPAddress()
#4 /workspace/system/Debug/Exceptions.php(229): include('/workspace/app/...')
#5 /workspace/system/Debug/Exceptions.php(232): CodeIgniter\Debug\Exceptions->CodeIgniter\Debug\{closure}()
#6 /workspace/system/Debug/Exceptions.php(116): CodeIgniter\Debug\Exceptions->render(Object(CodeIgniter\Database\Exceptions\DatabaseException), 500)
#7 [internal function]: CodeIgniter\Debug\Exceptions->exceptionHandler(Object(CodeIgniter\Database\Exceptions\DatabaseException))
#8 {main}
  thrown
#0 [internal function]: CodeIgniter\Debug\Exceptions->shutdownHandler()
#1 {main}
ERROR - 2022-01-04 16:21:53 --> Error connecting to the database: No such file or directory
CRITICAL - 2022-01-04 16:21:53 --> Unable to connect to the database.
Main connection [MySQLi]: No such file or directory
#0 /workspace/system/Database/BaseConnection.php(577): CodeIgniter\Database\BaseConnection->initialize()
#1 /workspace/system/Database/BaseBuilder.php(1443): CodeIgniter\Database\BaseConnection->query('SELECT *\nFROM `...', Array, false)
#2 /workspace/system/Model.php(210): CodeIgniter\Database\BaseBuilder->get()
#3 /workspace/system/BaseModel.php(622): CodeIgniter\Model->doFirst()
#4 /workspace/app/Controllers/Users.php(44): CodeIgniter\BaseModel->first()
#5 /workspace/system/CodeIgniter.php(824): App\Controllers\users->check()
#6 /workspace/system/CodeIgniter.php(410): CodeIgniter\CodeIgniter->runController(Object(App\Controllers\users))
#7 /workspace/system/CodeIgniter.php(318): CodeIgniter\CodeIgniter->handleRequest(NULL, Object(Config\Cache), false)
#8 /workspace/public/index.php(37): CodeIgniter\CodeIgniter->run()
#9 {main}
CRITICAL - 2022-01-04 16:21:53 --> Uncaught ErrorException: strtolower(): Passing null to parameter #1 ($string) of type string is deprecated in /workspace/system/Validation/FormatRules.php:253
Stack trace:
#0 [internal function]: CodeIgniter\Debug\Exceptions->errorHandler(8192, 'strtolower(): P...', '/workspace/syst...', 253)
#1 /workspace/system/Validation/FormatRules.php(253): strtolower(NULL)
#2 /workspace/system/HTTP/RequestTrait.php(151): CodeIgniter\Validation\FormatRules->valid_ip('127.0.0.1')
#3 /workspace/app/Views/errors/html/error_exception.php(206): CodeIgniter\HTTP\Request->getIPAddress()
#4 /workspace/system/Debug/Exceptions.php(229): include('/workspace/app/...')
#5 /workspace/system/Debug/Exceptions.php(232): CodeIgniter\Debug\Exceptions->CodeIgniter\Debug\{closure}()
#6 /workspace/system/Debug/Exceptions.php(116): CodeIgniter\Debug\Exceptions->render(Object(CodeIgniter\Database\Exceptions\DatabaseException), 500)
#7 [internal function]: CodeIgniter\Debug\Exceptions->exceptionHandler(Object(CodeIgniter\Database\Exceptions\DatabaseException))
#8 {main}
  thrown
#0 [internal function]: CodeIgniter\Debug\Exceptions->shutdownHandler()
#1 {main}
ERROR - 2022-01-04 16:21:55 --> Error connecting to the database: No such file or directory
CRITICAL - 2022-01-04 16:21:55 --> Unable to connect to the database.
Main connection [MySQLi]: No such file or directory
#0 /workspace/system/Database/BaseConnection.php(577): CodeIgniter\Database\BaseConnection->initialize()
#1 /workspace/system/Database/BaseBuilder.php(1443): CodeIgniter\Database\BaseConnection->query('SELECT *\nFROM `...', Array, false)
#2 /workspace/system/Model.php(210): CodeIgniter\Database\BaseBuilder->get()
#3 /workspace/system/BaseModel.php(622): CodeIgniter\Model->doFirst()
#4 /workspace/app/Controllers/Users.php(44): CodeIgniter\BaseModel->first()
#5 /workspace/system/CodeIgniter.php(824): App\Controllers\users->check()
#6 /workspace/system/CodeIgniter.php(410): CodeIgniter\CodeIgniter->runController(Object(App\Controllers\users))
#7 /workspace/system/CodeIgniter.php(318): CodeIgniter\CodeIgniter->handleRequest(NULL, Object(Config\Cache), false)
#8 /workspace/public/index.php(37): CodeIgniter\CodeIgniter->run()
#9 {main}
CRITICAL - 2022-01-04 16:21:55 --> Uncaught ErrorException: strtolower(): Passing null to parameter #1 ($string) of type string is deprecated in /workspace/system/Validation/FormatRules.php:253
Stack trace:
#0 [internal function]: CodeIgniter\Debug\Exceptions->errorHandler(8192, 'strtolower(): P...', '/workspace/syst...', 253)
#1 /workspace/system/Validation/FormatRules.php(253): strtolower(NULL)
#2 /workspace/system/HTTP/RequestTrait.php(151): CodeIgniter\Validation\FormatRules->valid_ip('127.0.0.1')
#3 /workspace/app/Views/errors/html/error_exception.php(206): CodeIgniter\HTTP\Request->getIPAddress()
#4 /workspace/system/Debug/Exceptions.php(229): include('/workspace/app/...')
#5 /workspace/system/Debug/Exceptions.php(232): CodeIgniter\Debug\Exceptions->CodeIgniter\Debug\{closure}()
#6 /workspace/system/Debug/Exceptions.php(116): CodeIgniter\Debug\Exceptions->render(Object(CodeIgniter\Database\Exceptions\DatabaseException), 500)
#7 [internal function]: CodeIgniter\Debug\Exceptions->exceptionHandler(Object(CodeIgniter\Database\Exceptions\DatabaseException))
#8 {main}
  thrown
#0 [internal function]: CodeIgniter\Debug\Exceptions->shutdownHandler()
#1 {main}
ERROR - 2022-01-04 16:28:04 --> Error connecting to the database: No such file or directory
CRITICAL - 2022-01-04 16:28:04 --> Unable to connect to the database.
Main connection [MySQLi]: No such file or directory
#0 /workspace/system/Database/BaseConnection.php(577): CodeIgniter\Database\BaseConnection->initialize()
#1 /workspace/system/Database/BaseBuilder.php(1443): CodeIgniter\Database\BaseConnection->query('SELECT *\nFROM `...', Array, false)
#2 /workspace/system/Model.php(183): CodeIgniter\Database\BaseBuilder->get()
#3 /workspace/system/BaseModel.php(584): CodeIgniter\Model->doFindAll(0, 0)
#4 /workspace/app/Controllers/Users.php(18): CodeIgniter\BaseModel->findAll()
#5 /workspace/system/CodeIgniter.php(824): App\Controllers\users->index()
#6 /workspace/system/CodeIgniter.php(410): CodeIgniter\CodeIgniter->runController(Object(App\Controllers\users))
#7 /workspace/system/CodeIgniter.php(318): CodeIgniter\CodeIgniter->handleRequest(NULL, Object(Config\Cache), false)
#8 /workspace/public/index.php(37): CodeIgniter\CodeIgniter->run()
#9 {main}
CRITICAL - 2022-01-04 16:40:34 --> Class "App\Models\UserModel" not found
#0 /workspace/system/CodeIgniter.php(824): App\Controllers\Users->index()
#1 /workspace/system/CodeIgniter.php(410): CodeIgniter\CodeIgniter->runController(Object(App\Controllers\Users))
#2 /workspace/system/CodeIgniter.php(318): CodeIgniter\CodeIgniter->handleRequest(NULL, Object(Config\Cache), false)
#3 /workspace/public/index.php(37): CodeIgniter\CodeIgniter->run()
#4 {main}
CRITICAL - 2022-01-04 16:42:25 --> include_once(/workspace/app/Controllers/Users.php): Failed to open stream: No such file or directory
#0 /workspace/system/Router/Router.php(519): CodeIgniter\Debug\Exceptions->errorHandler(2, 'include_once(/w...', '/workspace/syst...', 519)
#1 /workspace/system/Router/Router.php(519): include_once()
#2 /workspace/system/Router/Router.php(176): CodeIgniter\Router\Router->autoRoute('users')
#3 /workspace/system/CodeIgniter.php(718): CodeIgniter\Router\Router->handle('users')
#4 /workspace/system/CodeIgniter.php(359): CodeIgniter\CodeIgniter->tryToRouteIt(Object(CodeIgniter\Router\RouteCollection))
#5 /workspace/system/CodeIgniter.php(318): CodeIgniter\CodeIgniter->handleRequest(NULL, Object(Config\Cache), false)
#6 /workspace/public/index.php(37): CodeIgniter\CodeIgniter->run()
#7 {main}
CRITICAL - 2022-01-04 16:51:39 --> Cannot redeclare App\Controllers\Users::update()
#0 [internal function]: CodeIgniter\Debug\Exceptions->shutdownHandler()
#1 {main}
CRITICAL - 2022-01-04 16:51:54 --> include_once(/workspace/app/Controllers/Users.php): Failed to open stream: No such file or directory
#0 /workspace/system/Router/Router.php(519): CodeIgniter\Debug\Exceptions->errorHandler(2, 'include_once(/w...', '/workspace/syst...', 519)
#1 /workspace/system/Router/Router.php(519): include_once()
#2 /workspace/system/Router/Router.php(176): CodeIgniter\Router\Router->autoRoute('users')
#3 /workspace/system/CodeIgniter.php(718): CodeIgniter\Router\Router->handle('users')
#4 /workspace/system/CodeIgniter.php(359): CodeIgniter\CodeIgniter->tryToRouteIt(Object(CodeIgniter\Router\RouteCollection))
#5 /workspace/system/CodeIgniter.php(318): CodeIgniter\CodeIgniter->handleRequest(NULL, Object(Config\Cache), false)
#6 /workspace/public/index.php(37): CodeIgniter\CodeIgniter->run()
#7 {main}
CRITICAL - 2022-01-04 17:14:28 --> include_once(/workspace/app/Controllers/Users.php): Failed to open stream: No such file or directory
#0 /workspace/system/Router/Router.php(519): CodeIgniter\Debug\Exceptions->errorHandler(2, 'include_once(/w...', '/workspace/syst...', 519)
#1 /workspace/system/Router/Router.php(519): include_once()
#2 /workspace/system/Router/Router.php(176): CodeIgniter\Router\Router->autoRoute('users')
#3 /workspace/system/CodeIgniter.php(718): CodeIgniter\Router\Router->handle('users')
#4 /workspace/system/CodeIgniter.php(359): CodeIgniter\CodeIgniter->tryToRouteIt(Object(CodeIgniter\Router\RouteCollection))
#5 /workspace/system/CodeIgniter.php(318): CodeIgniter\CodeIgniter->handleRequest(NULL, Object(Config\Cache), false)
#6 /workspace/public/index.php(37): CodeIgniter\CodeIgniter->run()
#7 {main}
ERROR - 2022-01-04 18:11:34 --> Error connecting to the database: Cannot assign requested address
